<component name="libraryTable">
  <library name="junit-platform-commons-1.4.0-20181210.143338-261">
    <CLASSES>
      <root url="jar://$PROJECT_DIR$/lib/junit-platform-commons-1.4.0-20181210.143338-261.jar!/" />
    </CLASSES>
    <JAVADOC />
    <SOURCES />
  </library>
</component>