<component name="libraryTable">
  <library name="junit-jupiter-api-5.4.0-20181210.143304-261">
    <CLASSES>
      <root url="jar://$PROJECT_DIR$/lib/junit-jupiter-api-5.4.0-20181210.143304-261.jar!/" />
    </CLASSES>
    <JAVADOC />
    <SOURCES />
  </library>
</component>